==========================================================================
Forbidden Archipelago
departure: (100, 850)
arrival: (1100, 150)
Area: (50, 50), (1150, 50), (1150, 950), (50, 950)
Cages:
Cage 0: (100, 800), (140, 810), (130, 780), (110, 780), (120, 790)
Cage 1: (200, 900), (230, 910), (250, 890), (240, 870), (210, 870), (220, 885)
Cage 2: (300, 830), (340, 840), (330, 800), (310, 800)
Cage 3: (400, 920), (430, 910), (440, 880), (420, 870), (400, 880), (390, 900), (410, 905), (405, 895)
Cage 4: (100, 650), (130, 660), (150, 640), (140, 620), (110, 610), (120, 630), (115, 635)
Cage 5: (200, 600), (230, 610), (215, 570)
Cage 6: (300, 750), (330, 760), (340, 730), (320, 720), (300, 730), (290, 740), (310, 745), (305, 735), (295, 735)
Cage 7: (400, 680), (430, 690), (440, 660), (410, 650), (400, 665)
Cage 8: (500, 600), (530, 610), (550, 590), (520, 570), (510, 580), (525, 595)
Cage 9: (600, 650), (630, 660), (620, 620), (610, 630)
Cage 10: (680, 750), (710, 760), (720, 730), (690, 720), (680, 735)
Cage 11: (600, 880), (630, 890), (640, 860), (620, 850), (600, 860), (590, 870), (610, 875), (605, 865)
Cage 12: (780, 800), (810, 810), (830, 790), (800, 770), (790, 780), (805, 795)
Cage 13: (880, 880), (910, 890), (900, 850), (890, 860)
Cage 14: (950, 800), (980, 810), (1000, 790), (990, 770), (960, 760), (970, 780), (965, 785)
Cage 15: (1050, 850), (1080, 860), (1100, 840), (1070, 820), (1060, 830), (1075, 845)
Cage 16: (1100, 750), (1130, 760), (1120, 720), (1110, 730)
Cage 17: (1050, 650), (1080, 660), (1090, 630), (1060, 620), (1050, 635)
Cage 18: (950, 600), (980, 610), (1000, 590), (970, 570), (960, 580), (975, 595)
Cage 19: (850, 400), (880, 410), (865, 370)
Cage 20: (750, 300), (780, 310), (800, 290), (790, 270), (760, 260), (770, 280), (765, 285)
==========================================================================
Iter 100, best = 3409.43
Iter 200, best = 3409.43
Iter 300, best = 3409.43
